EXCEPTION: 14/04/2020 17:35:47
========================================
'The invocation of the constructor on type 'WPFUI.MainWindow' that matches the specified binding constraints threw an exception.' Line number '6' and line position '9'.
   at System.Windows.Markup.WpfXamlLoader.Load(XamlReader xamlReader, IXamlObjectWriterFactory writerFactory, Boolean skipJournaledProperties, Object rootObject, XamlObjectWriterSettings settings, Uri baseUri)
   at System.Windows.Markup.WpfXamlLoader.LoadBaml(XamlReader xamlReader, Boolean skipJournaledProperties, Object rootObject, XamlAccessLevel accessLevel, Uri baseUri)
   at System.Windows.Markup.XamlReader.LoadBaml(Stream stream, ParserContext parserContext, Object parent, Boolean closeStream)
   at System.Windows.Application.LoadBamlStreamWithSyncInfo(Stream stream, ParserContext pc)
   at System.Windows.Application.LoadComponent(Uri resourceLocator, Boolean bSkipJournaledProperties)
   at System.Windows.Application.DoStartup()
   at System.Windows.Application.<.ctor>b__1_0(Object unused)
   at System.Windows.Threading.ExceptionWrapper.InternalRealCall(Delegate callback, Object args, Int32 numArgs)
   at System.Windows.Threading.ExceptionWrapper.TryCatchWhen(Object source, Delegate callback, Object args, Int32 numArgs, Delegate catchHandler)

INNER EXCEPTION
----------------------------------------
The type initializer for 'Engine.Factories.ItemFactory' threw an exception.
   at Engine.Factories.ItemFactory.CreateGameItem(Int32 itemTypeID)
   at Engine.ViewModels.GameSession..ctor()
   at WPFUI.MainWindow..ctor() in E:\Visual Studio related\Projects\WPFUI\WPFUI\MainWindow.xaml.cs:line 17

INNER EXCEPTION
----------------------------------------
The attribute 'MaxHitPointsToIncrease' does not exist
   at Engine.Shared.ExtensionMethods.AttributeAsString(XmlNode node, String attributeName)
   at Engine.Shared.ExtensionMethods.AttributeAsInt(XmlNode node, String attributeName)
   at Engine.Factories.ItemFactory.LoadItemsFromNodes(XmlNodeList nodes)
   at Engine.Factories.ItemFactory..cctor()

