EXCEPTION: 11/04/2020 18:01:59
========================================
'The invocation of the constructor on type 'WPFUI.MainWindow' that matches the specified binding constraints threw an exception.' Line number '6' and line position '9'.
   at System.Windows.Markup.WpfXamlLoader.Load(XamlReader xamlReader, IXamlObjectWriterFactory writerFactory, Boolean skipJournaledProperties, Object rootObject, XamlObjectWriterSettings settings, Uri baseUri)
   at System.Windows.Markup.WpfXamlLoader.LoadBaml(XamlReader xamlReader, Boolean skipJournaledProperties, Object rootObject, XamlAccessLevel accessLevel, Uri baseUri)
   at System.Windows.Markup.XamlReader.LoadBaml(Stream stream, ParserContext parserContext, Object parent, Boolean closeStream)
   at System.Windows.Application.LoadBamlStreamWithSyncInfo(Stream stream, ParserContext pc)
   at System.Windows.Application.LoadComponent(Uri resourceLocator, Boolean bSkipJournaledProperties)
   at System.Windows.Application.DoStartup()
   at System.Windows.Application.<.ctor>b__1_0(Object unused)
   at System.Windows.Threading.ExceptionWrapper.InternalRealCall(Delegate callback, Object args, Int32 numArgs)
   at System.Windows.Threading.ExceptionWrapper.TryCatchWhen(Object source, Delegate callback, Object args, Int32 numArgs, Delegate catchHandler)

INNER EXCEPTION
----------------------------------------
The type initializer for 'Engine.Factories.ItemFactory' threw an exception.
   at Engine.Factories.ItemFactory.CreateGameItem(Int32 itemTypeID)
   at Engine.ViewModels.GameSession..ctor() in E:\Visual Studio related\Projects\WPFUI\Engine\ViewModels\GameSession.cs:line 129
   at WPFUI.MainWindow..ctor() in E:\Visual Studio related\Projects\WPFUI\WPFUI\MainWindow.xaml.cs:line 17

INNER EXCEPTION
----------------------------------------
The attribute 'CurrentMana' does not exist
   at Engine.Shared.ExtensionMethods.AttributeAsString(XmlNode node, String attributeName) in E:\Visual Studio related\Projects\WPFUI\Engine\Shared\ExtentionMethods.cs:line 19
   at Engine.Shared.ExtensionMethods.AttributeAsInt(XmlNode node, String attributeName) in E:\Visual Studio related\Projects\WPFUI\Engine\Shared\ExtentionMethods.cs:line 10
   at Engine.Factories.ItemFactory.LoadItemsFromNodes(XmlNodeList nodes) in E:\Visual Studio related\Projects\WPFUI\Engine\Factories\ItemFactory.cs:line 74
   at Engine.Factories.ItemFactory..cctor() in E:\Visual Studio related\Projects\WPFUI\Engine\Factories\ItemFactory.cs:line 28

